2021-02-03 23:37:53,368 INFO org.springframework.boot.StartupInfoLogger [main] Starting JavaBasicoApplication on LAPTOP-0JGHLIGG with PID 21464 (C:\dev\git\prova-java\target\classes started by andre in C:\dev\git\prova-java)
2021-02-03 23:37:53,372 DEBUG org.springframework.boot.StartupInfoLogger [main] Running with Spring Boot v2.3.3.RELEASE, Spring v5.2.8.RELEASE
2021-02-03 23:37:53,373 INFO org.springframework.boot.SpringApplication [main] No active profile set, falling back to default profiles: default
2021-02-03 23:37:54,550 INFO org.springframework.boot.web.embedded.tomcat.TomcatWebServer [main] Tomcat initialized with port(s): 8080 (http)
2021-02-03 23:37:54,560 INFO org.apache.juli.logging.DirectJDKLog [main] Initializing ProtocolHandler ["http-nio-8080"]
2021-02-03 23:37:54,560 INFO org.apache.juli.logging.DirectJDKLog [main] Starting service [Tomcat]
2021-02-03 23:37:54,560 INFO org.apache.juli.logging.DirectJDKLog [main] Starting Servlet engine: [Apache Tomcat/9.0.37]
2021-02-03 23:37:54,639 INFO org.apache.juli.logging.DirectJDKLog [main] Initializing Spring embedded WebApplicationContext
2021-02-03 23:37:54,639 INFO org.springframework.boot.web.servlet.context.ServletWebServerApplicationContext [main] Root WebApplicationContext: initialization completed in 1207 ms
2021-02-03 23:37:54,827 INFO org.springframework.scheduling.concurrent.ExecutorConfigurationSupport [main] Initializing ExecutorService 'applicationTaskExecutor'
2021-02-03 23:37:55,033 INFO org.apache.juli.logging.DirectJDKLog [main] Starting ProtocolHandler ["http-nio-8080"]
2021-02-03 23:37:55,084 INFO org.springframework.boot.web.embedded.tomcat.TomcatWebServer [main] Tomcat started on port(s): 8080 (http) with context path ''
2021-02-03 23:37:55,113 INFO org.springframework.boot.StartupInfoLogger [main] Started JavaBasicoApplication in 2.498 seconds (JVM running for 3.494)
2021-02-03 23:50:01,647 INFO org.springframework.boot.StartupInfoLogger [main] Starting JavaBasicoApplication on LAPTOP-0JGHLIGG with PID 24624 (C:\dev\git\prova-java\target\classes started by andre in C:\dev\git\prova-java)
2021-02-03 23:50:01,651 DEBUG org.springframework.boot.StartupInfoLogger [main] Running with Spring Boot v2.3.3.RELEASE, Spring v5.2.8.RELEASE
2021-02-03 23:50:01,652 INFO org.springframework.boot.SpringApplication [main] No active profile set, falling back to default profiles: default
2021-02-03 23:50:02,612 INFO org.springframework.boot.web.embedded.tomcat.TomcatWebServer [main] Tomcat initialized with port(s): 8080 (http)
2021-02-03 23:50:02,624 INFO org.apache.juli.logging.DirectJDKLog [main] Initializing ProtocolHandler ["http-nio-8080"]
2021-02-03 23:50:02,625 INFO org.apache.juli.logging.DirectJDKLog [main] Starting service [Tomcat]
2021-02-03 23:50:02,625 INFO org.apache.juli.logging.DirectJDKLog [main] Starting Servlet engine: [Apache Tomcat/9.0.37]
2021-02-03 23:50:02,720 INFO org.apache.juli.logging.DirectJDKLog [main] Initializing Spring embedded WebApplicationContext
2021-02-03 23:50:02,720 INFO org.springframework.boot.web.servlet.context.ServletWebServerApplicationContext [main] Root WebApplicationContext: initialization completed in 1016 ms
2021-02-03 23:50:02,902 INFO org.springframework.scheduling.concurrent.ExecutorConfigurationSupport [main] Initializing ExecutorService 'applicationTaskExecutor'
2021-02-03 23:50:03,062 INFO org.apache.juli.logging.DirectJDKLog [main] Starting ProtocolHandler ["http-nio-8080"]
2021-02-03 23:50:03,102 INFO org.springframework.boot.web.embedded.tomcat.TomcatWebServer [main] Tomcat started on port(s): 8080 (http) with context path ''
2021-02-03 23:50:03,122 INFO org.springframework.boot.StartupInfoLogger [main] Started JavaBasicoApplication in 1.965 seconds (JVM running for 2.562)
2021-02-03 23:50:15,662 INFO org.apache.juli.logging.DirectJDKLog [http-nio-8080-exec-1] Initializing Spring DispatcherServlet 'dispatcherServlet'
2021-02-03 23:50:15,663 INFO org.springframework.web.servlet.FrameworkServlet [http-nio-8080-exec-1] Initializing Servlet 'dispatcherServlet'
2021-02-03 23:50:15,673 INFO org.springframework.web.servlet.FrameworkServlet [http-nio-8080-exec-1] Completed initialization in 9 ms
